<?xml version="1.0" encoding="UTF-8"?>
<!-- Generated by org.testng.reporters.JUnitXMLReporter -->
<testsuite hostname="Hiren" ignored="0" name="Sanity Test" tests="2" failures="0" timestamp="2022-12-12T13:29:54 GMT" time="12.964" errors="0">
  <testcase name="verifyThatSixProductsAreDisplayedOnPage" time="1.214" classname="ultimateqa.testsuite.ProductPageTest"/>
  <testcase name="userShouldNavigateToLoginPageSuccessfully" time="0.992" classname="ultimateqa.testsuite.SignInPageTest"/>
</testsuite> <!-- Sanity Test -->
